This file contains any messages produced by compilers while
running configure, to aid debugging if configure makes a mistake.

It was created by libusb-1.0 configure 1.0.24, which was
generated by GNU Autoconf 2.69.  Invocation command line was

  $ ./configure 

## --------- ##
## Platform. ##
## --------- ##

hostname = zero
uname -m = x86_64
uname -r = 4.4.0-210-generic
uname -s = Linux
uname -v = #242-Ubuntu SMP Fri Apr 16 09:57:56 UTC 2021

/usr/bin/uname -p = unknown
/bin/uname -X     = unknown

/bin/arch              = unknown
/usr/bin/arch -k       = unknown
/usr/convex/getsysinfo = unknown
/usr/bin/hostinfo      = unknown
/bin/machine           = unknown
/usr/bin/oslevel       = unknown
/bin/universe          = unknown

PATH: /home/zero/bin
PATH: /home/zero/.local/bin
PATH: /usr/local/sbin
PATH: /usr/local/bin
PATH: /usr/sbin
PATH: /usr/bin
PATH: /sbin
PATH: /bin
PATH: /usr/games
PATH: /usr/local/games
PATH: /snap/bin
PATH: /opt/bochs-2.6.8-int/bin/bochs-2.6.8-int/bin
PATH: /opt/bochs-2.6.8-int/bin/bochs-2.6.8-gdb/bin


## ----------- ##
## Core tests. ##
## ----------- ##

configure:2568: checking for gcc
configure:2584: found /usr/bin/gcc
configure:2595: result: gcc
configure:2824: checking for C compiler version
configure:2833: gcc --version >&5
gcc (Ubuntu 5.4.0-6ubuntu1~16.04.12) 5.4.0 20160609
Copyright (C) 2015 Free Software Foundation, Inc.
This is free software; see the source for copying conditions.  There is NO
warranty; not even for MERCHANTABILITY or FITNESS FOR A PARTICULAR PURPOSE.

configure:2844: $? = 0
configure:2833: gcc -v >&5
Using built-in specs.
COLLECT_GCC=gcc
COLLECT_LTO_WRAPPER=/usr/lib/gcc/x86_64-linux-gnu/5/lto-wrapper
Target: x86_64-linux-gnu
Configured with: ../src/configure -v --with-pkgversion='Ubuntu 5.4.0-6ubuntu1~16.04.12' --with-bugurl=file:///usr/share/doc/gcc-5/README.Bugs --enable-languages=c,ada,c++,java,go,d,fortran,objc,obj-c++ --prefix=/usr --program-suffix=-5 --enable-shared --enable-linker-build-id --libexecdir=/usr/lib --without-included-gettext --enable-threads=posix --libdir=/usr/lib --enable-nls --with-sysroot=/ --enable-clocale=gnu --enable-libstdcxx-debug --enable-libstdcxx-time=yes --with-default-libstdcxx-abi=new --enable-gnu-unique-object --disable-vtable-verify --enable-libmpx --enable-plugin --with-system-zlib --disable-browser-plugin --enable-java-awt=gtk --enable-gtk-cairo --with-java-home=/usr/lib/jvm/java-1.5.0-gcj-5-amd64/jre --enable-java-home --with-jvm-root-dir=/usr/lib/jvm/java-1.5.0-gcj-5-amd64 --with-jvm-jar-dir=/usr/lib/jvm-exports/java-1.5.0-gcj-5-amd64 --with-arch-directory=amd64 --with-ecj-jar=/usr/share/java/eclipse-ecj.jar --enable-objc-gc --enable-multiarch --disable-werror --with-arch-32=i686 --with-abi=m64 --with-multilib-list=m32,m64,mx32 --enable-multilib --with-tune=generic --enable-checking=release --build=x86_64-linux-gnu --host=x86_64-linux-gnu --target=x86_64-linux-gnu
Thread model: posix
gcc version 5.4.0 20160609 (Ubuntu 5.4.0-6ubuntu1~16.04.12) 
configure:2844: $? = 0
configure:2833: gcc -V >&5
gcc: error: unrecognized command line option '-V'
gcc: fatal error: no input files
compilation terminated.
configure:2844: $? = 1
configure:2833: gcc -qversion >&5
gcc: error: unrecognized command line option '-qversion'
gcc: fatal error: no input files
compilation terminated.
configure:2844: $? = 1
configure:2864: checking whether the C compiler works
configure:2886: gcc    conftest.c  >&5
configure:2890: $? = 0
configure:2938: result: yes
configure:2941: checking for C compiler default output file name
configure:2943: result: a.out
configure:2949: checking for suffix of executables
configure:2956: gcc -o conftest    conftest.c  >&5
configure:2960: $? = 0
configure:2982: result: 
configure:3004: checking whether we are cross compiling
configure:3012: gcc -o conftest    conftest.c  >&5
configure:3016: $? = 0
configure:3023: ./conftest
configure:3027: $? = 0
configure:3042: result: no
configure:3047: checking for suffix of object files
configure:3069: gcc -c   conftest.c >&5
configure:3073: $? = 0
configure:3094: result: o
configure:3098: checking whether we are using the GNU C compiler
configure:3117: gcc -c   conftest.c >&5
configure:3117: $? = 0
configure:3126: result: yes
configure:3135: checking whether gcc accepts -g
configure:3155: gcc -c -g  conftest.c >&5
configure:3155: $? = 0
configure:3196: result: yes
configure:3213: checking for gcc option to accept ISO C89
configure:3276: gcc  -c -g -O2  conftest.c >&5
configure:3276: $? = 0
configure:3289: result: none needed
configure:3346: checking whether gcc understands -c and -o together
configure:3368: gcc -c conftest.c -o conftest2.o
configure:3371: $? = 0
configure:3368: gcc -c conftest.c -o conftest2.o
configure:3371: $? = 0
configure:3383: result: yes
configure:3458: checking for g++
configure:3474: found /usr/bin/g++
configure:3485: result: g++
configure:3512: checking for C++ compiler version
configure:3521: g++ --version >&5
g++ (Ubuntu 5.4.0-6ubuntu1~16.04.12) 5.4.0 20160609
Copyright (C) 2015 Free Software Foundation, Inc.
This is free software; see the source for copying conditions.  There is NO
warranty; not even for MERCHANTABILITY or FITNESS FOR A PARTICULAR PURPOSE.

configure:3532: $? = 0
configure:3521: g++ -v >&5
Using built-in specs.
COLLECT_GCC=g++
COLLECT_LTO_WRAPPER=/usr/lib/gcc/x86_64-linux-gnu/5/lto-wrapper
Target: x86_64-linux-gnu
Configured with: ../src/configure -v --with-pkgversion='Ubuntu 5.4.0-6ubuntu1~16.04.12' --with-bugurl=file:///usr/share/doc/gcc-5/README.Bugs --enable-languages=c,ada,c++,java,go,d,fortran,objc,obj-c++ --prefix=/usr --program-suffix=-5 --enable-shared --enable-linker-build-id --libexecdir=/usr/lib --without-included-gettext --enable-threads=posix --libdir=/usr/lib --enable-nls --with-sysroot=/ --enable-clocale=gnu --enable-libstdcxx-debug --enable-libstdcxx-time=yes --with-default-libstdcxx-abi=new --enable-gnu-unique-object --disable-vtable-verify --enable-libmpx --enable-plugin --with-system-zlib --disable-browser-plugin --enable-java-awt=gtk --enable-gtk-cairo --with-java-home=/usr/lib/jvm/java-1.5.0-gcj-5-amd64/jre --enable-java-home --with-jvm-root-dir=/usr/lib/jvm/java-1.5.0-gcj-5-amd64 --with-jvm-jar-dir=/usr/lib/jvm-exports/java-1.5.0-gcj-5-amd64 --with-arch-directory=amd64 --with-ecj-jar=/usr/share/java/eclipse-ecj.jar --enable-objc-gc --enable-multiarch --disable-werror --with-arch-32=i686 --with-abi=m64 --with-multilib-list=m32,m64,mx32 --enable-multilib --with-tune=generic --enable-checking=release --build=x86_64-linux-gnu --host=x86_64-linux-gnu --target=x86_64-linux-gnu
Thread model: posix
gcc version 5.4.0 20160609 (Ubuntu 5.4.0-6ubuntu1~16.04.12) 
configure:3532: $? = 0
configure:3521: g++ -V >&5
g++: error: unrecognized command line option '-V'
g++: fatal error: no input files
compilation terminated.
configure:3532: $? = 1
configure:3521: g++ -qversion >&5
g++: error: unrecognized command line option '-qversion'
g++: fatal error: no input files
compilation terminated.
configure:3532: $? = 1
configure:3536: checking whether we are using the GNU C++ compiler
configure:3555: g++ -c   conftest.cpp >&5
configure:3555: $? = 0
configure:3564: result: yes
configure:3573: checking whether g++ accepts -g
configure:3593: g++ -c -g  conftest.cpp >&5
configure:3593: $? = 0
configure:3634: result: yes
configure:3658: checking for inline
configure:3674: gcc -c -g -O2  conftest.c >&5
configure:3674: $? = 0
configure:3682: result: inline
configure:3716: checking for a BSD-compatible install
configure:3784: result: /usr/bin/install -c
configure:3795: checking whether build environment is sane
configure:3850: result: yes
configure:3998: checking for a thread-safe mkdir -p
configure:4037: result: /bin/mkdir -p
configure:4044: checking for gawk
configure:4060: found /usr/bin/gawk
configure:4071: result: gawk
configure:4082: checking whether make sets $(MAKE)
configure:4104: result: yes
configure:4126: checking whether make supports the include directive
configure:4141: make -f confmf.GNU && cat confinc.out
this is the am__doit target
configure:4144: $? = 0
configure:4163: result: yes (GNU style)
configure:4196: checking whether make supports nested variables
configure:4213: result: yes
configure:4298: checking dependency style of gcc
configure:4409: result: gcc3
configure:4426: checking dependency style of g++
configure:4537: result: gcc3
configure:4597: WARNING: Libtool does not cope well with whitespace in `pwd`
configure:4624: checking build system type
configure:4638: result: x86_64-pc-linux-gnu
configure:4658: checking host system type
configure:4671: result: x86_64-pc-linux-gnu
configure:4712: checking how to print strings
configure:4739: result: printf
configure:4760: checking for a sed that does not truncate output
configure:4824: result: /bin/sed
configure:4842: checking for grep that handles long lines and -e
configure:4900: result: /bin/grep
configure:4905: checking for egrep
configure:4967: result: /bin/grep -E
configure:4972: checking for fgrep
configure:5034: result: /bin/grep -F
configure:5069: checking for ld used by gcc
configure:5136: result: /usr/bin/ld
configure:5143: checking if the linker (/usr/bin/ld) is GNU ld
configure:5158: result: yes
configure:5170: checking for BSD- or MS-compatible name lister (nm)
configure:5224: result: /usr/bin/nm -B
configure:5354: checking the name lister (/usr/bin/nm -B) interface
configure:5361: gcc -c -g -O2  conftest.c >&5
configure:5364: /usr/bin/nm -B "conftest.o"
configure:5367: output
0000000000000000 B some_variable
configure:5374: result: BSD nm
configure:5377: checking whether ln -s works
configure:5381: result: yes
configure:5389: checking the maximum length of command line arguments
configure:5520: result: 1572864
configure:5568: checking how to convert x86_64-pc-linux-gnu file names to x86_64-pc-linux-gnu format
configure:5608: result: func_convert_file_noop
configure:5615: checking how to convert x86_64-pc-linux-gnu file names to toolchain format
configure:5635: result: func_convert_file_noop
configure:5642: checking for /usr/bin/ld option to reload object files
configure:5649: result: -r
configure:5723: checking for objdump
configure:5739: found /usr/bin/objdump
configure:5750: result: objdump
configure:5782: checking how to recognize dependent libraries
configure:5982: result: pass_all
configure:6067: checking for dlltool
configure:6097: result: no
configure:6127: checking how to associate runtime and link libraries
configure:6154: result: printf %s\n
configure:6214: checking for ar
configure:6230: found /usr/bin/ar
configure:6241: result: ar
configure:6278: checking for archiver @FILE support
configure:6295: gcc -c -g -O2  conftest.c >&5
configure:6295: $? = 0
configure:6298: ar cr libconftest.a @conftest.lst >&5
configure:6301: $? = 0
configure:6306: ar cr libconftest.a @conftest.lst >&5
ar: conftest.o: No such file or directory
configure:6309: $? = 1
configure:6321: result: @
configure:6379: checking for strip
configure:6395: found /usr/bin/strip
configure:6406: result: strip
configure:6478: checking for ranlib
configure:6494: found /usr/bin/ranlib
configure:6505: result: ranlib
configure:6607: checking command to parse /usr/bin/nm -B output from gcc object
configure:6760: gcc -c -g -O2  conftest.c >&5
configure:6763: $? = 0
configure:6767: /usr/bin/nm -B conftest.o | sed -n -e 's/^.*[	 ]\([ABCDGIRSTW][ABCDGIRSTW]*\)[	 ][	 ]*\([_A-Za-z][_A-Za-z0-9]*\)$/\1 \2 \2/p' | sed '/ __gnu_lto/d' > conftest.nm
configure:6833: gcc -o conftest -g -O2   conftest.c conftstm.o >&5
configure:6836: $? = 0
configure:6874: result: ok
configure:6921: checking for sysroot
configure:6951: result: no
configure:6958: checking for a working dd
configure:6996: result: /bin/dd
configure:7000: checking how to truncate binary pipes
configure:7015: result: /bin/dd bs=4096 count=1
configure:7151: gcc -c -g -O2  conftest.c >&5
configure:7154: $? = 0
configure:7344: checking for mt
configure:7360: found /bin/mt
configure:7371: result: mt
configure:7394: checking if mt is a manifest tool
configure:7400: mt '-?'
configure:7408: result: no
configure:8085: checking how to run the C preprocessor
configure:8116: gcc -E  conftest.c
configure:8116: $? = 0
configure:8130: gcc -E  conftest.c
conftest.c:11:28: fatal error: ac_nonexistent.h: No such file or directory
compilation terminated.
configure:8130: $? = 1
configure: failed program was:
| /* confdefs.h */
| #define PACKAGE_NAME "libusb-1.0"
| #define PACKAGE_TARNAME "libusb-1.0"
| #define PACKAGE_VERSION "1.0.24"
| #define PACKAGE_STRING "libusb-1.0 1.0.24"
| #define PACKAGE_BUGREPORT "libusb-devel@lists.sourceforge.net"
| #define PACKAGE_URL "http://libusb.info"
| #define PACKAGE "libusb-1.0"
| #define VERSION "1.0.24"
| /* end confdefs.h.  */
| #include <ac_nonexistent.h>
configure:8155: result: gcc -E
configure:8175: gcc -E  conftest.c
configure:8175: $? = 0
configure:8189: gcc -E  conftest.c
conftest.c:11:28: fatal error: ac_nonexistent.h: No such file or directory
compilation terminated.
configure:8189: $? = 1
configure: failed program was:
| /* confdefs.h */
| #define PACKAGE_NAME "libusb-1.0"
| #define PACKAGE_TARNAME "libusb-1.0"
| #define PACKAGE_VERSION "1.0.24"
| #define PACKAGE_STRING "libusb-1.0 1.0.24"
| #define PACKAGE_BUGREPORT "libusb-devel@lists.sourceforge.net"
| #define PACKAGE_URL "http://libusb.info"
| #define PACKAGE "libusb-1.0"
| #define VERSION "1.0.24"
| /* end confdefs.h.  */
| #include <ac_nonexistent.h>
configure:8218: checking for ANSI C header files
configure:8238: gcc -c -g -O2  conftest.c >&5
configure:8238: $? = 0
configure:8311: gcc -o conftest -g -O2   conftest.c  >&5
configure:8311: $? = 0
configure:8311: ./conftest
configure:8311: $? = 0
configure:8322: result: yes
configure:8335: checking for sys/types.h
configure:8335: gcc -c -g -O2  conftest.c >&5
configure:8335: $? = 0
configure:8335: result: yes
configure:8335: checking for sys/stat.h
configure:8335: gcc -c -g -O2  conftest.c >&5
configure:8335: $? = 0
configure:8335: result: yes
configure:8335: checking for stdlib.h
configure:8335: gcc -c -g -O2  conftest.c >&5
configure:8335: $? = 0
configure:8335: result: yes
configure:8335: checking for string.h
configure:8335: gcc -c -g -O2  conftest.c >&5
configure:8335: $? = 0
configure:8335: result: yes
configure:8335: checking for memory.h
configure:8335: gcc -c -g -O2  conftest.c >&5
configure:8335: $? = 0
configure:8335: result: yes
configure:8335: checking for strings.h
configure:8335: gcc -c -g -O2  conftest.c >&5
configure:8335: $? = 0
configure:8335: result: yes
configure:8335: checking for inttypes.h
configure:8335: gcc -c -g -O2  conftest.c >&5
configure:8335: $? = 0
configure:8335: result: yes
configure:8335: checking for stdint.h
configure:8335: gcc -c -g -O2  conftest.c >&5
configure:8335: $? = 0
configure:8335: result: yes
configure:8335: checking for unistd.h
configure:8335: gcc -c -g -O2  conftest.c >&5
configure:8335: $? = 0
configure:8335: result: yes
configure:8349: checking for dlfcn.h
configure:8349: gcc -c -g -O2  conftest.c >&5
configure:8349: $? = 0
configure:8349: result: yes
configure:8616: checking for objdir
configure:8631: result: .libs
configure:8895: checking if gcc supports -fno-rtti -fno-exceptions
configure:8913: gcc -c -g -O2  -fno-rtti -fno-exceptions conftest.c >&5
cc1: warning: command line option '-fno-rtti' is valid for C++/ObjC++ but not for C
configure:8917: $? = 0
configure:8930: result: no
configure:9294: checking for gcc option to produce PIC
configure:9301: result: -fPIC -DPIC
configure:9309: checking if gcc PIC flag -fPIC -DPIC works
configure:9327: gcc -c -g -O2  -fPIC -DPIC -DPIC conftest.c >&5
configure:9331: $? = 0
configure:9344: result: yes
configure:9373: checking if gcc static flag -static works
configure:9401: result: yes
configure:9416: checking if gcc supports -c -o file.o
configure:9437: gcc -c -g -O2  -o out/conftest2.o conftest.c >&5
configure:9441: $? = 0
configure:9463: result: yes
configure:9471: checking if gcc supports -c -o file.o
configure:9518: result: yes
configure:9551: checking whether the gcc linker (/usr/bin/ld -m elf_x86_64) supports shared libraries
configure:10814: result: yes
configure:10851: checking whether -lc should be explicitly linked in
configure:10859: gcc -c -g -O2  conftest.c >&5
configure:10862: $? = 0
configure:10877: gcc -shared  -fPIC -DPIC conftest.o  -v -Wl,-soname -Wl,conftest -o conftest 2\>\&1 \| /bin/grep  -lc  \>/dev/null 2\>\&1
configure:10880: $? = 0
configure:10894: result: no
configure:11054: checking dynamic linker characteristics
configure:11635: gcc -o conftest -g -O2   -Wl,-rpath -Wl,/foo conftest.c  >&5
configure:11635: $? = 0
configure:11884: result: GNU/Linux ld.so
configure:12006: checking how to hardcode library paths into programs
configure:12031: result: immediate
configure:12579: checking whether stripping libraries is possible
configure:12584: result: yes
configure:12619: checking if libtool supports shared libraries
configure:12621: result: yes
configure:12624: checking whether to build shared libraries
configure:12649: result: yes
configure:12652: checking whether to build static libraries
configure:12656: result: yes
configure:12679: checking how to run the C++ preprocessor
configure:12706: g++ -E  conftest.cpp
configure:12706: $? = 0
configure:12720: g++ -E  conftest.cpp
conftest.cpp:23:28: fatal error: ac_nonexistent.h: No such file or directory
compilation terminated.
configure:12720: $? = 1
configure: failed program was:
| /* confdefs.h */
| #define PACKAGE_NAME "libusb-1.0"
| #define PACKAGE_TARNAME "libusb-1.0"
| #define PACKAGE_VERSION "1.0.24"
| #define PACKAGE_STRING "libusb-1.0 1.0.24"
| #define PACKAGE_BUGREPORT "libusb-devel@lists.sourceforge.net"
| #define PACKAGE_URL "http://libusb.info"
| #define PACKAGE "libusb-1.0"
| #define VERSION "1.0.24"
| #define STDC_HEADERS 1
| #define HAVE_SYS_TYPES_H 1
| #define HAVE_SYS_STAT_H 1
| #define HAVE_STDLIB_H 1
| #define HAVE_STRING_H 1
| #define HAVE_MEMORY_H 1
| #define HAVE_STRINGS_H 1
| #define HAVE_INTTYPES_H 1
| #define HAVE_STDINT_H 1
| #define HAVE_UNISTD_H 1
| #define HAVE_DLFCN_H 1
| #define LT_OBJDIR ".libs/"
| /* end confdefs.h.  */
| #include <ac_nonexistent.h>
configure:12745: result: g++ -E
configure:12765: g++ -E  conftest.cpp
configure:12765: $? = 0
configure:12779: g++ -E  conftest.cpp
conftest.cpp:23:28: fatal error: ac_nonexistent.h: No such file or directory
compilation terminated.
configure:12779: $? = 1
configure: failed program was:
| /* confdefs.h */
| #define PACKAGE_NAME "libusb-1.0"
| #define PACKAGE_TARNAME "libusb-1.0"
| #define PACKAGE_VERSION "1.0.24"
| #define PACKAGE_STRING "libusb-1.0 1.0.24"
| #define PACKAGE_BUGREPORT "libusb-devel@lists.sourceforge.net"
| #define PACKAGE_URL "http://libusb.info"
| #define PACKAGE "libusb-1.0"
| #define VERSION "1.0.24"
| #define STDC_HEADERS 1
| #define HAVE_SYS_TYPES_H 1
| #define HAVE_SYS_STAT_H 1
| #define HAVE_STDLIB_H 1
| #define HAVE_STRING_H 1
| #define HAVE_MEMORY_H 1
| #define HAVE_STRINGS_H 1
| #define HAVE_INTTYPES_H 1
| #define HAVE_STDINT_H 1
| #define HAVE_UNISTD_H 1
| #define HAVE_DLFCN_H 1
| #define LT_OBJDIR ".libs/"
| /* end confdefs.h.  */
| #include <ac_nonexistent.h>
configure:12941: checking for ld used by g++
configure:13008: result: /usr/bin/ld -m elf_x86_64
configure:13015: checking if the linker (/usr/bin/ld -m elf_x86_64) is GNU ld
configure:13030: result: yes
configure:13085: checking whether the g++ linker (/usr/bin/ld -m elf_x86_64) supports shared libraries
configure:14158: result: yes
configure:14194: g++ -c -g -O2  conftest.cpp >&5
configure:14197: $? = 0
configure:14678: checking for g++ option to produce PIC
configure:14685: result: -fPIC -DPIC
configure:14693: checking if g++ PIC flag -fPIC -DPIC works
configure:14711: g++ -c -g -O2  -fPIC -DPIC -DPIC conftest.cpp >&5
configure:14715: $? = 0
configure:14728: result: yes
configure:14751: checking if g++ static flag -static works
configure:14779: result: yes
configure:14791: checking if g++ supports -c -o file.o
configure:14812: g++ -c -g -O2  -o out/conftest2.o conftest.cpp >&5
configure:14816: $? = 0
configure:14838: result: yes
configure:14843: checking if g++ supports -c -o file.o
configure:14890: result: yes
configure:14920: checking whether the g++ linker (/usr/bin/ld -m elf_x86_64) supports shared libraries
configure:14963: result: yes
configure:15104: checking dynamic linker characteristics
configure:15861: result: GNU/Linux ld.so
configure:15926: checking how to hardcode library paths into programs
configure:15951: result: immediate
configure:16055: checking for windres
configure:16085: result: no
configure:16199: checking whether make supports nested variables
configure:16216: result: yes
configure:16233: checking if gcc supports -std=gnu11
configure:16246: gcc -c -std=gnu11  conftest.c >&5
configure:16246: $? = 0
configure:16247: result: yes
configure:16296: checking operating system
configure:16319: result: Linux
configure:16375: checking for nfds_t
configure:16375: gcc -c -g -O2  conftest.c >&5
configure:16375: $? = 0
configure:16375: gcc -c -g -O2  conftest.c >&5
conftest.c: In function 'main':
conftest.c:32:21: error: expected expression before ')' token
 if (sizeof ((nfds_t)))
                     ^
configure:16375: $? = 1
configure: failed program was:
| /* confdefs.h */
| #define PACKAGE_NAME "libusb-1.0"
| #define PACKAGE_TARNAME "libusb-1.0"
| #define PACKAGE_VERSION "1.0.24"
| #define PACKAGE_STRING "libusb-1.0 1.0.24"
| #define PACKAGE_BUGREPORT "libusb-devel@lists.sourceforge.net"
| #define PACKAGE_URL "http://libusb.info"
| #define PACKAGE "libusb-1.0"
| #define VERSION "1.0.24"
| #define STDC_HEADERS 1
| #define HAVE_SYS_TYPES_H 1
| #define HAVE_SYS_STAT_H 1
| #define HAVE_STDLIB_H 1
| #define HAVE_STRING_H 1
| #define HAVE_MEMORY_H 1
| #define HAVE_STRINGS_H 1
| #define HAVE_INTTYPES_H 1
| #define HAVE_STDINT_H 1
| #define HAVE_UNISTD_H 1
| #define HAVE_DLFCN_H 1
| #define LT_OBJDIR ".libs/"
| #define _GNU_SOURCE 1
| #define DEFAULT_VISIBILITY __attribute__ ((visibility ("default")))
| #define PRINTF_FORMAT(a, b) __attribute__ ((__format__ (__printf__, a, b)))
| #define PLATFORM_POSIX 1
| /* end confdefs.h.  */
| #include <poll.h>
| 
| int
| main ()
| {
| if (sizeof ((nfds_t)))
| 	    return 0;
|   ;
|   return 0;
| }
configure:16375: result: yes
configure:16388: checking for pipe2
configure:16388: gcc -o conftest -g -O2   conftest.c  >&5
configure:16388: $? = 0
configure:16388: result: yes
configure:16399: checking if gcc recognizes -pthread
configure:16412: gcc -c -Wall -Werror -pthread  conftest.c >&5
configure:16412: $? = 0
configure:16413: result: yes
configure:16423: checking for library containing pthread_create
configure:16454: gcc -o conftest -g -O2   conftest.c  >&5
/tmp/ccIWFLnG.o: In function `main':
/home/zero/Desktop/UTN/6/Proyecto final/LPC/proyecto-final/qt/libusb-1.0.24/conftest.c:40: undefined reference to `pthread_create'
collect2: error: ld returned 1 exit status
configure:16454: $? = 1
configure: failed program was:
| /* confdefs.h */
| #define PACKAGE_NAME "libusb-1.0"
| #define PACKAGE_TARNAME "libusb-1.0"
| #define PACKAGE_VERSION "1.0.24"
| #define PACKAGE_STRING "libusb-1.0 1.0.24"
| #define PACKAGE_BUGREPORT "libusb-devel@lists.sourceforge.net"
| #define PACKAGE_URL "http://libusb.info"
| #define PACKAGE "libusb-1.0"
| #define VERSION "1.0.24"
| #define STDC_HEADERS 1
| #define HAVE_SYS_TYPES_H 1
| #define HAVE_SYS_STAT_H 1
| #define HAVE_STDLIB_H 1
| #define HAVE_STRING_H 1
| #define HAVE_MEMORY_H 1
| #define HAVE_STRINGS_H 1
| #define HAVE_INTTYPES_H 1
| #define HAVE_STDINT_H 1
| #define HAVE_UNISTD_H 1
| #define HAVE_DLFCN_H 1
| #define LT_OBJDIR ".libs/"
| #define _GNU_SOURCE 1
| #define DEFAULT_VISIBILITY __attribute__ ((visibility ("default")))
| #define PRINTF_FORMAT(a, b) __attribute__ ((__format__ (__printf__, a, b)))
| #define PLATFORM_POSIX 1
| #define HAVE_NFDS_T 1
| #define HAVE_PIPE2 1
| /* end confdefs.h.  */
| 
| /* Override any GCC internal prototype to avoid an error.
|    Use char because int might match the return type of a GCC
|    builtin and then its argument prototype would still apply.  */
| #ifdef __cplusplus
| extern "C"
| #endif
| char pthread_create ();
| int
| main ()
| {
| return pthread_create ();
|   ;
|   return 0;
| }
configure:16454: gcc -o conftest -g -O2   conftest.c -lpthread   >&5
configure:16454: $? = 0
configure:16471: result: -lpthread
configure:16507: checking for library containing clock_gettime
configure:16538: gcc -o conftest -g -O2   conftest.c -lpthread  >&5
configure:16538: $? = 0
configure:16555: result: none required
configure:16565: checking for pthread_setname_np
configure:16565: gcc -o conftest -g -O2   conftest.c -lpthread  >&5
configure:16565: $? = 0
configure:16565: result: yes
configure:16582: checking libudev.h usability
configure:16582: gcc -c -g -O2  conftest.c >&5
configure:16582: $? = 0
configure:16582: result: yes
configure:16582: checking libudev.h presence
configure:16582: gcc -E  conftest.c
configure:16582: $? = 0
configure:16582: result: yes
configure:16582: checking for libudev.h
configure:16582: result: yes
configure:16590: checking for udev_new in -ludev
configure:16615: gcc -o conftest -g -O2   conftest.c -ludev  -lpthread  >&5
configure:16615: $? = 0
configure:16624: result: yes
configure:16694: checking sys/time.h usability
configure:16694: gcc -c -g -O2  conftest.c >&5
configure:16694: $? = 0
configure:16694: result: yes
configure:16694: checking sys/time.h presence
configure:16694: gcc -E  conftest.c
configure:16694: $? = 0
configure:16694: result: yes
configure:16694: checking for sys/time.h
configure:16694: result: yes
configure:16708: checking for clock_gettime
configure:16708: gcc -o conftest -g -O2   conftest.c -ludev -lpthread  >&5
configure:16708: $? = 0
configure:16708: result: yes
configure:16720: checking whether CLOCK_MONOTONIC is declared
configure:16720: gcc -c -g -O2  conftest.c >&5
configure:16720: $? = 0
configure:16720: result: yes
configure:16730: checking for pthread_condattr_setclock
configure:16730: gcc -o conftest -g -O2   conftest.c -ludev -lpthread  >&5
configure:16730: $? = 0
configure:16730: result: yes
configure:16765: checking sys/eventfd.h usability
configure:16765: gcc -c -g -O2  conftest.c >&5
configure:16765: $? = 0
configure:16765: result: yes
configure:16765: checking sys/eventfd.h presence
configure:16765: gcc -E  conftest.c
configure:16765: $? = 0
configure:16765: result: yes
configure:16765: checking for sys/eventfd.h
configure:16765: result: yes
configure:16774: checking whether EFD_NONBLOCK is declared
configure:16774: gcc -c -g -O2  conftest.c >&5
configure:16774: $? = 0
configure:16774: result: yes
configure:16790: checking whether EFD_CLOEXEC is declared
configure:16790: gcc -c -g -O2  conftest.c >&5
configure:16790: $? = 0
configure:16790: result: yes
configure:16808: checking for eventfd
configure:16808: gcc -o conftest -g -O2   conftest.c -ludev -lpthread  >&5
configure:16808: $? = 0
configure:16808: result: yes
configure:16829: checking whether to use eventfd for signalling
configure:16844: result: yes
configure:16858: checking sys/timerfd.h usability
configure:16858: gcc -c -g -O2  conftest.c >&5
configure:16858: $? = 0
configure:16858: result: yes
configure:16858: checking sys/timerfd.h presence
configure:16858: gcc -E  conftest.c
configure:16858: $? = 0
configure:16858: result: yes
configure:16858: checking for sys/timerfd.h
configure:16858: result: yes
configure:16867: checking whether TFD_NONBLOCK is declared
configure:16867: gcc -c -g -O2  conftest.c >&5
configure:16867: $? = 0
configure:16867: result: yes
configure:16883: checking whether TFD_CLOEXEC is declared
configure:16883: gcc -c -g -O2  conftest.c >&5
configure:16883: $? = 0
configure:16883: result: yes
configure:16901: checking for timerfd_create
configure:16901: gcc -o conftest -g -O2   conftest.c -ludev -lpthread  >&5
configure:16901: $? = 0
configure:16901: result: yes
configure:16922: checking whether to use timerfd for timing
configure:16937: result: yes
configure:17293: checking that generated files are newer than configure
configure:17299: result: done
configure:17382: creating ./config.status

## ---------------------- ##
## Running config.status. ##
## ---------------------- ##

This file was extended by libusb-1.0 config.status 1.0.24, which was
generated by GNU Autoconf 2.69.  Invocation command line was

  CONFIG_FILES    = 
  CONFIG_HEADERS  = 
  CONFIG_LINKS    = 
  CONFIG_COMMANDS = 
  $ ./config.status 

on zero

config.status:1261: creating libusb-1.0.pc
config.status:1261: creating Makefile
config.status:1261: creating libusb/Makefile
config.status:1261: creating examples/Makefile
config.status:1261: creating tests/Makefile
config.status:1261: creating doc/Makefile
config.status:1261: creating doc/doxygen.cfg
config.status:1261: creating config.h
config.status:1490: executing depfiles commands
config.status:1567: cd libusb       && sed -e '/# am--include-marker/d' Makefile         | make -f - am--depfiles
config.status:1572: $? = 0
config.status:1567: cd examples       && sed -e '/# am--include-marker/d' Makefile         | make -f - am--depfiles
config.status:1572: $? = 0
config.status:1567: cd tests       && sed -e '/# am--include-marker/d' Makefile         | make -f - am--depfiles
config.status:1572: $? = 0
config.status:1490: executing libtool commands

## ---------------- ##
## Cache variables. ##
## ---------------- ##

ac_cv_build=x86_64-pc-linux-gnu
ac_cv_c_compiler_gnu=yes
ac_cv_c_inline=inline
ac_cv_cxx_compiler_gnu=yes
ac_cv_env_CCC_set=
ac_cv_env_CCC_value=
ac_cv_env_CC_set=
ac_cv_env_CC_value=
ac_cv_env_CFLAGS_set=
ac_cv_env_CFLAGS_value=
ac_cv_env_CPPFLAGS_set=
ac_cv_env_CPPFLAGS_value=
ac_cv_env_CPP_set=
ac_cv_env_CPP_value=
ac_cv_env_CXXCPP_set=
ac_cv_env_CXXCPP_value=
ac_cv_env_CXXFLAGS_set=
ac_cv_env_CXXFLAGS_value=
ac_cv_env_CXX_set=
ac_cv_env_CXX_value=
ac_cv_env_LDFLAGS_set=
ac_cv_env_LDFLAGS_value=
ac_cv_env_LIBS_set=
ac_cv_env_LIBS_value=
ac_cv_env_LT_SYS_LIBRARY_PATH_set=
ac_cv_env_LT_SYS_LIBRARY_PATH_value=
ac_cv_env_build_alias_set=
ac_cv_env_build_alias_value=
ac_cv_env_host_alias_set=
ac_cv_env_host_alias_value=
ac_cv_env_target_alias_set=
ac_cv_env_target_alias_value=
ac_cv_func_clock_gettime=yes
ac_cv_func_eventfd=yes
ac_cv_func_pipe2=yes
ac_cv_func_pthread_condattr_setclock=yes
ac_cv_func_pthread_setname_np=yes
ac_cv_func_timerfd_create=yes
ac_cv_have_decl_CLOCK_MONOTONIC=yes
ac_cv_have_decl_EFD_CLOEXEC=yes
ac_cv_have_decl_EFD_NONBLOCK=yes
ac_cv_have_decl_TFD_CLOEXEC=yes
ac_cv_have_decl_TFD_NONBLOCK=yes
ac_cv_header_dlfcn_h=yes
ac_cv_header_inttypes_h=yes
ac_cv_header_libudev_h=yes
ac_cv_header_memory_h=yes
ac_cv_header_stdc=yes
ac_cv_header_stdint_h=yes
ac_cv_header_stdlib_h=yes
ac_cv_header_string_h=yes
ac_cv_header_strings_h=yes
ac_cv_header_sys_eventfd_h=yes
ac_cv_header_sys_stat_h=yes
ac_cv_header_sys_time_h=yes
ac_cv_header_sys_timerfd_h=yes
ac_cv_header_sys_types_h=yes
ac_cv_header_unistd_h=yes
ac_cv_host=x86_64-pc-linux-gnu
ac_cv_lib_udev_udev_new=yes
ac_cv_objext=o
ac_cv_path_EGREP='/bin/grep -E'
ac_cv_path_FGREP='/bin/grep -F'
ac_cv_path_GREP=/bin/grep
ac_cv_path_SED=/bin/sed
ac_cv_path_install='/usr/bin/install -c'
ac_cv_path_lt_DD=/bin/dd
ac_cv_path_mkdir=/bin/mkdir
ac_cv_prog_AWK=gawk
ac_cv_prog_CPP='gcc -E'
ac_cv_prog_CXXCPP='g++ -E'
ac_cv_prog_ac_ct_AR=ar
ac_cv_prog_ac_ct_CC=gcc
ac_cv_prog_ac_ct_CXX=g++
ac_cv_prog_ac_ct_MANIFEST_TOOL=mt
ac_cv_prog_ac_ct_OBJDUMP=objdump
ac_cv_prog_ac_ct_RANLIB=ranlib
ac_cv_prog_ac_ct_STRIP=strip
ac_cv_prog_cc_c89=
ac_cv_prog_cc_g=yes
ac_cv_prog_cxx_g=yes
ac_cv_prog_make_make_set=yes
ac_cv_search_clock_gettime='none required'
ac_cv_search_pthread_create=-lpthread
ac_cv_type_nfds_t=yes
am_cv_CC_dependencies_compiler_type=gcc3
am_cv_CXX_dependencies_compiler_type=gcc3
am_cv_make_support_nested_variables=yes
am_cv_prog_cc_c_o=yes
lt_cv_ar_at_file=@
lt_cv_archive_cmds_need_lc=no
lt_cv_deplibs_check_method=pass_all
lt_cv_file_magic_cmd='$MAGIC_CMD'
lt_cv_file_magic_test_file=
lt_cv_ld_reload_flag=-r
lt_cv_nm_interface='BSD nm'
lt_cv_objdir=.libs
lt_cv_path_LD=/usr/bin/ld
lt_cv_path_LDCXX='/usr/bin/ld -m elf_x86_64'
lt_cv_path_NM='/usr/bin/nm -B'
lt_cv_path_mainfest_tool=no
lt_cv_prog_compiler_c_o=yes
lt_cv_prog_compiler_c_o_CXX=yes
lt_cv_prog_compiler_c_o_RC=yes
lt_cv_prog_compiler_pic='-fPIC -DPIC'
lt_cv_prog_compiler_pic_CXX='-fPIC -DPIC'
lt_cv_prog_compiler_pic_works=yes
lt_cv_prog_compiler_pic_works_CXX=yes
lt_cv_prog_compiler_rtti_exceptions=no
lt_cv_prog_compiler_static_works=yes
lt_cv_prog_compiler_static_works_CXX=yes
lt_cv_prog_gnu_ld=yes
lt_cv_prog_gnu_ldcxx=yes
lt_cv_sharedlib_from_linklib_cmd='printf %s\n'
lt_cv_shlibpath_overrides_runpath=no
lt_cv_sys_global_symbol_pipe='sed -n -e '\''s/^.*[	 ]\([ABCDGIRSTW][ABCDGIRSTW]*\)[	 ][	 ]*\([_A-Za-z][_A-Za-z0-9]*\)$/\1 \2 \2/p'\'' | sed '\''/ __gnu_lto/d'\'''
lt_cv_sys_global_symbol_to_c_name_address='sed -n -e '\''s/^: \(.*\) .*$/  {"\1", (void *) 0},/p'\'' -e '\''s/^[ABCDGIRSTW][ABCDGIRSTW]* .* \(.*\)$/  {"\1", (void *) \&\1},/p'\'''
lt_cv_sys_global_symbol_to_c_name_address_lib_prefix='sed -n -e '\''s/^: \(.*\) .*$/  {"\1", (void *) 0},/p'\'' -e '\''s/^[ABCDGIRSTW][ABCDGIRSTW]* .* \(lib.*\)$/  {"\1", (void *) \&\1},/p'\'' -e '\''s/^[ABCDGIRSTW][ABCDGIRSTW]* .* \(.*\)$/  {"lib\1", (void *) \&\1},/p'\'''
lt_cv_sys_global_symbol_to_cdecl='sed -n -e '\''s/^T .* \(.*\)$/extern int \1();/p'\'' -e '\''s/^[ABCDGIRSTW][ABCDGIRSTW]* .* \(.*\)$/extern char \1;/p'\'''
lt_cv_sys_global_symbol_to_import=
lt_cv_sys_max_cmd_len=1572864
lt_cv_to_host_file_cmd=func_convert_file_noop
lt_cv_to_tool_file_cmd=func_convert_file_noop
lt_cv_truncate_bin='/bin/dd bs=4096 count=1'

## ----------------- ##
## Output variables. ##
## ----------------- ##

ACLOCAL='${SHELL} "/home/zero/Desktop/UTN/6/Proyecto final/LPC/proyecto-final/qt/libusb-1.0.24/missing" aclocal-1.16'
AMDEPBACKSLASH='\'
AMDEP_FALSE='#'
AMDEP_TRUE=''
AMTAR='$${TAR-tar}'
AM_BACKSLASH='\'
AM_CFLAGS='-std=gnu11  -Wall -Wextra -Wshadow -Wunused -Wwrite-strings -Werror=format-security -Werror=implicit-function-declaration -Werror=implicit-int -Werror=init-self -Werror=missing-prototypes -Werror=strict-prototypes -Werror=undef -Werror=uninitialized'
AM_CPPFLAGS=''
AM_CXXFLAGS='-std=gnu++11  -Wall -Wextra -Wshadow -Wunused -Wwrite-strings -Werror=format-security -Werror=implicit-function-declaration -Werror=implicit-int -Werror=init-self -Werror=missing-prototypes -Werror=strict-prototypes -Werror=undef -Werror=uninitialized -Wmissing-declarations'
AM_DEFAULT_V='$(AM_DEFAULT_VERBOSITY)'
AM_DEFAULT_VERBOSITY='0'
AM_V='$(V)'
AR='ar'
AUTOCONF='${SHELL} "/home/zero/Desktop/UTN/6/Proyecto final/LPC/proyecto-final/qt/libusb-1.0.24/missing" autoconf'
AUTOHEADER='${SHELL} "/home/zero/Desktop/UTN/6/Proyecto final/LPC/proyecto-final/qt/libusb-1.0.24/missing" autoheader'
AUTOMAKE='${SHELL} "/home/zero/Desktop/UTN/6/Proyecto final/LPC/proyecto-final/qt/libusb-1.0.24/missing" automake-1.16'
AWK='gawk'
BUILD_EXAMPLES_FALSE=''
BUILD_EXAMPLES_TRUE='#'
BUILD_TESTS_FALSE=''
BUILD_TESTS_TRUE='#'
CC='gcc'
CCDEPMODE='depmode=gcc3'
CFLAGS='-g -O2'
CPP='gcc -E'
CPPFLAGS=''
CREATE_IMPORT_LIB_FALSE=''
CREATE_IMPORT_LIB_TRUE='#'
CXX='g++'
CXXCPP='g++ -E'
CXXDEPMODE='depmode=gcc3'
CXXFLAGS='-g -O2'
CYGPATH_W='echo'
DEFS='-DHAVE_CONFIG_H'
DEPDIR='.deps'
DLLTOOL='false'
DOXYGEN_HTMLDIR='api-1.0'
DSYMUTIL=''
DUMPBIN=''
ECHO_C=''
ECHO_N='-n'
ECHO_T=''
EGREP='/bin/grep -E'
EXEEXT=''
FGREP='/bin/grep -F'
GREP='/bin/grep'
INSTALL_DATA='${INSTALL} -m 644'
INSTALL_PROGRAM='${INSTALL}'
INSTALL_SCRIPT='${INSTALL}'
INSTALL_STRIP_PROGRAM='$(install_sh) -c -s'
LD='/usr/bin/ld -m elf_x86_64'
LDFLAGS=''
LIBOBJS=''
LIBS='-ludev -lpthread '
LIBTOOL='$(SHELL) $(top_builddir)/libtool'
LIPO=''
LN_S='ln -s'
LTLIBOBJS=''
LT_LDFLAGS='-version-info 3:0:3 -no-undefined'
LT_SYS_LIBRARY_PATH=''
MAKEINFO='${SHELL} "/home/zero/Desktop/UTN/6/Proyecto final/LPC/proyecto-final/qt/libusb-1.0.24/missing" makeinfo'
MANIFEST_TOOL=':'
MKDIR_P='/bin/mkdir -p'
NM='/usr/bin/nm -B'
NMEDIT=''
OBJDUMP='objdump'
OBJEXT='o'
OS_DARWIN_FALSE=''
OS_DARWIN_TRUE='#'
OS_HAIKU_FALSE=''
OS_HAIKU_TRUE='#'
OS_LINUX_FALSE='#'
OS_LINUX_TRUE=''
OS_NETBSD_FALSE=''
OS_NETBSD_TRUE='#'
OS_NULL_FALSE=''
OS_NULL_TRUE='#'
OS_OPENBSD_FALSE=''
OS_OPENBSD_TRUE='#'
OS_SUNOS_FALSE=''
OS_SUNOS_TRUE='#'
OS_WINDOWS_FALSE=''
OS_WINDOWS_TRUE='#'
OTOOL64=''
OTOOL=''
PACKAGE='libusb-1.0'
PACKAGE_BUGREPORT='libusb-devel@lists.sourceforge.net'
PACKAGE_NAME='libusb-1.0'
PACKAGE_STRING='libusb-1.0 1.0.24'
PACKAGE_TARNAME='libusb-1.0'
PACKAGE_URL='http://libusb.info'
PACKAGE_VERSION='1.0.24'
PATH_SEPARATOR=':'
PLATFORM_POSIX_FALSE='#'
PLATFORM_POSIX_TRUE=''
PLATFORM_WINDOWS_FALSE=''
PLATFORM_WINDOWS_TRUE='#'
RANLIB='ranlib'
RC=''
SED='/bin/sed'
SET_MAKE=''
SHELL='/bin/bash'
STRIP='strip'
THREAD_CFLAGS='-pthread'
THREAD_LIBS='-lpthread'
USE_UDEV_FALSE='#'
USE_UDEV_TRUE=''
VERSION='1.0.24'
ac_ct_AR='ar'
ac_ct_CC='gcc'
ac_ct_CXX='g++'
ac_ct_DUMPBIN=''
am__EXEEXT_FALSE=''
am__EXEEXT_TRUE='#'
am__fastdepCC_FALSE='#'
am__fastdepCC_TRUE=''
am__fastdepCXX_FALSE='#'
am__fastdepCXX_TRUE=''
am__include='include'
am__isrc=''
am__leading_dot='.'
am__nodep='_no'
am__quote=''
am__tar='$${TAR-tar} chof - "$$tardir"'
am__untar='$${TAR-tar} xf -'
bindir='${exec_prefix}/bin'
build='x86_64-pc-linux-gnu'
build_alias=''
build_cpu='x86_64'
build_os='linux-gnu'
build_vendor='pc'
datadir='${datarootdir}'
datarootdir='${prefix}/share'
docdir='${datarootdir}/doc/${PACKAGE_TARNAME}'
dvidir='${docdir}'
exec_prefix='${prefix}'
host='x86_64-pc-linux-gnu'
host_alias=''
host_cpu='x86_64'
host_os='linux-gnu'
host_vendor='pc'
htmldir='${docdir}'
includedir='${prefix}/include'
infodir='${datarootdir}/info'
install_sh='${SHELL} '\''/home/zero/Desktop/UTN/6/Proyecto final/LPC/proyecto-final/qt/libusb-1.0.24/install-sh'\'''
libdir='${exec_prefix}/lib'
libexecdir='${exec_prefix}/libexec'
localedir='${datarootdir}/locale'
localstatedir='${prefix}/var'
mandir='${datarootdir}/man'
mkdir_p='$(MKDIR_P)'
oldincludedir='/usr/include'
pdfdir='${docdir}'
prefix='/usr/local'
program_transform_name='s,x,x,'
psdir='${docdir}'
runstatedir='${localstatedir}/run'
sbindir='${exec_prefix}/sbin'
sharedstatedir='${prefix}/com'
sysconfdir='${prefix}/etc'
target_alias=''

## ----------- ##
## confdefs.h. ##
## ----------- ##

/* confdefs.h */
#define PACKAGE_NAME "libusb-1.0"
#define PACKAGE_TARNAME "libusb-1.0"
#define PACKAGE_VERSION "1.0.24"
#define PACKAGE_STRING "libusb-1.0 1.0.24"
#define PACKAGE_BUGREPORT "libusb-devel@lists.sourceforge.net"
#define PACKAGE_URL "http://libusb.info"
#define PACKAGE "libusb-1.0"
#define VERSION "1.0.24"
#define STDC_HEADERS 1
#define HAVE_SYS_TYPES_H 1
#define HAVE_SYS_STAT_H 1
#define HAVE_STDLIB_H 1
#define HAVE_STRING_H 1
#define HAVE_MEMORY_H 1
#define HAVE_STRINGS_H 1
#define HAVE_INTTYPES_H 1
#define HAVE_STDINT_H 1
#define HAVE_UNISTD_H 1
#define HAVE_DLFCN_H 1
#define LT_OBJDIR ".libs/"
#define _GNU_SOURCE 1
#define DEFAULT_VISIBILITY __attribute__ ((visibility ("default")))
#define PRINTF_FORMAT(a, b) __attribute__ ((__format__ (__printf__, a, b)))
#define PLATFORM_POSIX 1
#define HAVE_NFDS_T 1
#define HAVE_PIPE2 1
#define HAVE_PTHREAD_SETNAME_NP 1
#define HAVE_LIBUDEV 1
#define HAVE_SYS_TIME_H 1
#define HAVE_CLOCK_GETTIME 1
#define HAVE_PTHREAD_CONDATTR_SETCLOCK 1
#define HAVE_DECL_EFD_NONBLOCK 1
#define HAVE_DECL_EFD_CLOEXEC 1
#define HAVE_EVENTFD 1
#define HAVE_DECL_TFD_NONBLOCK 1
#define HAVE_DECL_TFD_CLOEXEC 1
#define HAVE_TIMERFD 1
#define ENABLE_LOGGING 1

configure: exit 0
